Start testing: Feb 14 18:21 Europe de l’Ouest
----------------------------------------------------------
1/23 Testing: PlayerTest.PlayerOneOrTwo
1/23 Test: PlayerTest.PlayerOneOrTwo
Command: "C:/dev/cpp/Morpions/cmake-build-debug/tests/Morpions_tests.exe" "--gtest_filter=PlayerTest.PlayerOneOrTwo" "--gtest_also_run_disabled_tests"
Directory: C:/dev/cpp/Morpions/cmake-build-debug/tests
"PlayerTest.PlayerOneOrTwo" start time: Feb 14 18:21 Europe de l’Ouest
Output:
----------------------------------------------------------
Running main() from C:/dev/cpp/Morpions/cmake-build-debug/_deps/googletest-src/googletest/src/gtest_main.cc
Note: Google Test filter = PlayerTest.PlayerOneOrTwo
[==========] Running 1 test from 1 test suite.
[----------] Global test environment set-up.
[----------] 1 test from PlayerTest
[ RUN      ] PlayerTest.PlayerOneOrTwo
[       OK ] PlayerTest.PlayerOneOrTwo (0 ms)
[----------] 1 test from PlayerTest (0 ms total)

[----------] Global test environment tear-down
[==========] 1 test from 1 test suite ran. (0 ms total)
[  PASSED  ] 1 test.
<end of output>
Test time =   0.01 sec
----------------------------------------------------------
Test Passed.
"PlayerTest.PlayerOneOrTwo" end time: Feb 14 18:21 Europe de l’Ouest
"PlayerTest.PlayerOneOrTwo" time elapsed: 00:00:00
----------------------------------------------------------

2/23 Testing: PlayerTest.isPlayable
2/23 Test: PlayerTest.isPlayable
Command: "C:/dev/cpp/Morpions/cmake-build-debug/tests/Morpions_tests.exe" "--gtest_filter=PlayerTest.isPlayable" "--gtest_also_run_disabled_tests"
Directory: C:/dev/cpp/Morpions/cmake-build-debug/tests
"PlayerTest.isPlayable" start time: Feb 14 18:21 Europe de l’Ouest
Output:
----------------------------------------------------------
Running main() from C:/dev/cpp/Morpions/cmake-build-debug/_deps/googletest-src/googletest/src/gtest_main.cc
Note: Google Test filter = PlayerTest.isPlayable
[==========] Running 1 test from 1 test suite.
[----------] Global test environment set-up.
[----------] 1 test from PlayerTest
[ RUN      ] PlayerTest.isPlayable
C:/dev/cpp/Morpions/tests/playerTest.cpp:30: Failure
Value of: player->isPlayable({ {'X','O','X'}, {'X','O','X'}, {'O','X','O'} } )
  Actual: true
Expected: false
[  FAILED  ] PlayerTest.isPlayable (0 ms)
[----------] 1 test from PlayerTest (0 ms total)

[----------] Global test environment tear-down
[==========] 1 test from 1 test suite ran. (0 ms total)
[  PASSED  ] 0 tests.
[  FAILED  ] 1 test, listed below:
[  FAILED  ] PlayerTest.isPlayable

 1 FAILED TEST
<end of output>
Test time =   0.01 sec
----------------------------------------------------------
Test Failed.
"PlayerTest.isPlayable" end time: Feb 14 18:21 Europe de l’Ouest
"PlayerTest.isPlayable" time elapsed: 00:00:00
----------------------------------------------------------

3/23 Testing: GameTest.InitializationTest
3/23 Test: GameTest.InitializationTest
Command: "C:/dev/cpp/Morpions/cmake-build-debug/tests/Morpions_tests.exe" "--gtest_filter=GameTest.InitializationTest" "--gtest_also_run_disabled_tests"
Directory: C:/dev/cpp/Morpions/cmake-build-debug/tests
"GameTest.InitializationTest" start time: Feb 14 18:21 Europe de l’Ouest
Output:
----------------------------------------------------------
Running main() from C:/dev/cpp/Morpions/cmake-build-debug/_deps/googletest-src/googletest/src/gtest_main.cc
Note: Google Test filter = GameTest.InitializationTest
[==========] Running 1 test from 1 test suite.
[----------] Global test environment set-up.
[----------] 1 test from GameTest
[ RUN      ] GameTest.InitializationTest
C:/dev/cpp/Morpions/tests/gameTest.cpp:19: Failure
Value of: game->isGameInProgress()
  Actual: false
Expected: true
[  FAILED  ] GameTest.InitializationTest (0 ms)
[----------] 1 test from GameTest (0 ms total)

[----------] Global test environment tear-down
[==========] 1 test from 1 test suite ran. (0 ms total)
[  PASSED  ] 0 tests.
[  FAILED  ] 1 test, listed below:
[  FAILED  ] GameTest.InitializationTest

 1 FAILED TEST
<end of output>
Test time =   0.01 sec
----------------------------------------------------------
Test Failed.
"GameTest.InitializationTest" end time: Feb 14 18:21 Europe de l’Ouest
"GameTest.InitializationTest" time elapsed: 00:00:00
----------------------------------------------------------

4/23 Testing: GameTest.PlayerSwitchTest
4/23 Test: GameTest.PlayerSwitchTest
Command: "C:/dev/cpp/Morpions/cmake-build-debug/tests/Morpions_tests.exe" "--gtest_filter=GameTest.PlayerSwitchTest" "--gtest_also_run_disabled_tests"
Directory: C:/dev/cpp/Morpions/cmake-build-debug/tests
"GameTest.PlayerSwitchTest" start time: Feb 14 18:21 Europe de l’Ouest
Output:
----------------------------------------------------------
Running main() from C:/dev/cpp/Morpions/cmake-build-debug/_deps/googletest-src/googletest/src/gtest_main.cc
Note: Google Test filter = GameTest.PlayerSwitchTest
[==========] Running 1 test from 1 test suite.
[----------] Global test environment set-up.
[----------] 1 test from GameTest
[ RUN      ] GameTest.PlayerSwitchTest
[       OK ] GameTest.PlayerSwitchTest (0 ms)
[----------] 1 test from GameTest (0 ms total)

[----------] Global test environment tear-down
[==========] 1 test from 1 test suite ran. (0 ms total)
[  PASSED  ] 1 test.
<end of output>
Test time =   0.01 sec
----------------------------------------------------------
Test Passed.
"GameTest.PlayerSwitchTest" end time: Feb 14 18:21 Europe de l’Ouest
"GameTest.PlayerSwitchTest" time elapsed: 00:00:00
----------------------------------------------------------

5/23 Testing: GameTest.WinConditionsTest
5/23 Test: GameTest.WinConditionsTest
Command: "C:/dev/cpp/Morpions/cmake-build-debug/tests/Morpions_tests.exe" "--gtest_filter=GameTest.WinConditionsTest" "--gtest_also_run_disabled_tests"
Directory: C:/dev/cpp/Morpions/cmake-build-debug/tests
"GameTest.WinConditionsTest" start time: Feb 14 18:21 Europe de l’Ouest
Output:
----------------------------------------------------------
Running main() from C:/dev/cpp/Morpions/cmake-build-debug/_deps/googletest-src/googletest/src/gtest_main.cc
Note: Google Test filter = GameTest.WinConditionsTest
[==========] Running 1 test from 1 test suite.
[----------] Global test environment set-up.
[----------] 1 test from GameTest
[ RUN      ] GameTest.WinConditionsTest
[       OK ] GameTest.WinConditionsTest (0 ms)
[----------] 1 test from GameTest (0 ms total)

[----------] Global test environment tear-down
[==========] 1 test from 1 test suite ran. (0 ms total)
[  PASSED  ] 1 test.
<end of output>
Test time =   0.01 sec
----------------------------------------------------------
Test Passed.
"GameTest.WinConditionsTest" end time: Feb 14 18:21 Europe de l’Ouest
"GameTest.WinConditionsTest" time elapsed: 00:00:00
----------------------------------------------------------

6/23 Testing: GameTest.DrawGameTest
6/23 Test: GameTest.DrawGameTest
Command: "C:/dev/cpp/Morpions/cmake-build-debug/tests/Morpions_tests.exe" "--gtest_filter=GameTest.DrawGameTest" "--gtest_also_run_disabled_tests"
Directory: C:/dev/cpp/Morpions/cmake-build-debug/tests
"GameTest.DrawGameTest" start time: Feb 14 18:21 Europe de l’Ouest
Output:
----------------------------------------------------------
Running main() from C:/dev/cpp/Morpions/cmake-build-debug/_deps/googletest-src/googletest/src/gtest_main.cc
Note: Google Test filter = GameTest.DrawGameTest
[==========] Running 1 test from 1 test suite.
[----------] Global test environment set-up.
[----------] 1 test from GameTest
[ RUN      ] GameTest.DrawGameTest
[       OK ] GameTest.DrawGameTest (0 ms)
[----------] 1 test from GameTest (0 ms total)

[----------] Global test environment tear-down
[==========] 1 test from 1 test suite ran. (0 ms total)
[  PASSED  ] 1 test.
<end of output>
Test time =   0.01 sec
----------------------------------------------------------
Test Passed.
"GameTest.DrawGameTest" end time: Feb 14 18:21 Europe de l’Ouest
"GameTest.DrawGameTest" time elapsed: 00:00:00
----------------------------------------------------------

7/23 Testing: GameTest.GameResetTest
7/23 Test: GameTest.GameResetTest
Command: "C:/dev/cpp/Morpions/cmake-build-debug/tests/Morpions_tests.exe" "--gtest_filter=GameTest.GameResetTest" "--gtest_also_run_disabled_tests"
Directory: C:/dev/cpp/Morpions/cmake-build-debug/tests
"GameTest.GameResetTest" start time: Feb 14 18:21 Europe de l’Ouest
Output:
----------------------------------------------------------
Running main() from C:/dev/cpp/Morpions/cmake-build-debug/_deps/googletest-src/googletest/src/gtest_main.cc
Note: Google Test filter = GameTest.GameResetTest
[==========] Running 1 test from 1 test suite.
[----------] Global test environment set-up.
[----------] 1 test from GameTest
[ RUN      ] GameTest.GameResetTest
[       OK ] GameTest.GameResetTest (0 ms)
[----------] 1 test from GameTest (0 ms total)

[----------] Global test environment tear-down
[==========] 1 test from 1 test suite ran. (0 ms total)
[  PASSED  ] 1 test.
<end of output>
Test time =   0.01 sec
----------------------------------------------------------
Test Passed.
"GameTest.GameResetTest" end time: Feb 14 18:21 Europe de l’Ouest
"GameTest.GameResetTest" time elapsed: 00:00:00
----------------------------------------------------------

8/23 Testing: RulesTest.VerticalWinTest
8/23 Test: RulesTest.VerticalWinTest
Command: "C:/dev/cpp/Morpions/cmake-build-debug/tests/Morpions_tests.exe" "--gtest_filter=RulesTest.VerticalWinTest" "--gtest_also_run_disabled_tests"
Directory: C:/dev/cpp/Morpions/cmake-build-debug/tests
"RulesTest.VerticalWinTest" start time: Feb 14 18:21 Europe de l’Ouest
Output:
----------------------------------------------------------
Running main() from C:/dev/cpp/Morpions/cmake-build-debug/_deps/googletest-src/googletest/src/gtest_main.cc
Note: Google Test filter = RulesTest.VerticalWinTest
[==========] Running 1 test from 1 test suite.
[----------] Global test environment set-up.
[----------] 1 test from RulesTest
[ RUN      ] RulesTest.VerticalWinTest
[       OK ] RulesTest.VerticalWinTest (0 ms)
[----------] 1 test from RulesTest (0 ms total)

[----------] Global test environment tear-down
[==========] 1 test from 1 test suite ran. (0 ms total)
[  PASSED  ] 1 test.
<end of output>
Test time =   0.01 sec
----------------------------------------------------------
Test Passed.
"RulesTest.VerticalWinTest" end time: Feb 14 18:21 Europe de l’Ouest
"RulesTest.VerticalWinTest" time elapsed: 00:00:00
----------------------------------------------------------

9/23 Testing: RulesTest.HorizontalWinTest
9/23 Test: RulesTest.HorizontalWinTest
Command: "C:/dev/cpp/Morpions/cmake-build-debug/tests/Morpions_tests.exe" "--gtest_filter=RulesTest.HorizontalWinTest" "--gtest_also_run_disabled_tests"
Directory: C:/dev/cpp/Morpions/cmake-build-debug/tests
"RulesTest.HorizontalWinTest" start time: Feb 14 18:21 Europe de l’Ouest
Output:
----------------------------------------------------------
Running main() from C:/dev/cpp/Morpions/cmake-build-debug/_deps/googletest-src/googletest/src/gtest_main.cc
Note: Google Test filter = RulesTest.HorizontalWinTest
[==========] Running 1 test from 1 test suite.
[----------] Global test environment set-up.
[----------] 1 test from RulesTest
[ RUN      ] RulesTest.HorizontalWinTest
[       OK ] RulesTest.HorizontalWinTest (0 ms)
[----------] 1 test from RulesTest (0 ms total)

[----------] Global test environment tear-down
[==========] 1 test from 1 test suite ran. (0 ms total)
[  PASSED  ] 1 test.
<end of output>
Test time =   0.01 sec
----------------------------------------------------------
Test Passed.
"RulesTest.HorizontalWinTest" end time: Feb 14 18:21 Europe de l’Ouest
"RulesTest.HorizontalWinTest" time elapsed: 00:00:00
----------------------------------------------------------

10/23 Testing: RulesTest.DiagonalWinTest
10/23 Test: RulesTest.DiagonalWinTest
Command: "C:/dev/cpp/Morpions/cmake-build-debug/tests/Morpions_tests.exe" "--gtest_filter=RulesTest.DiagonalWinTest" "--gtest_also_run_disabled_tests"
Directory: C:/dev/cpp/Morpions/cmake-build-debug/tests
"RulesTest.DiagonalWinTest" start time: Feb 14 18:21 Europe de l’Ouest
Output:
----------------------------------------------------------
Running main() from C:/dev/cpp/Morpions/cmake-build-debug/_deps/googletest-src/googletest/src/gtest_main.cc
Note: Google Test filter = RulesTest.DiagonalWinTest
[==========] Running 1 test from 1 test suite.
[----------] Global test environment set-up.
[----------] 1 test from RulesTest
[ RUN      ] RulesTest.DiagonalWinTest
[       OK ] RulesTest.DiagonalWinTest (0 ms)
[----------] 1 test from RulesTest (0 ms total)

[----------] Global test environment tear-down
[==========] 1 test from 1 test suite ran. (0 ms total)
[  PASSED  ] 1 test.
<end of output>
Test time =   0.01 sec
----------------------------------------------------------
Test Passed.
"RulesTest.DiagonalWinTest" end time: Feb 14 18:21 Europe de l’Ouest
"RulesTest.DiagonalWinTest" time elapsed: 00:00:00
----------------------------------------------------------

11/23 Testing: RulesTest.NoWinTest
11/23 Test: RulesTest.NoWinTest
Command: "C:/dev/cpp/Morpions/cmake-build-debug/tests/Morpions_tests.exe" "--gtest_filter=RulesTest.NoWinTest" "--gtest_also_run_disabled_tests"
Directory: C:/dev/cpp/Morpions/cmake-build-debug/tests
"RulesTest.NoWinTest" start time: Feb 14 18:21 Europe de l’Ouest
Output:
----------------------------------------------------------
Running main() from C:/dev/cpp/Morpions/cmake-build-debug/_deps/googletest-src/googletest/src/gtest_main.cc
Note: Google Test filter = RulesTest.NoWinTest
[==========] Running 1 test from 1 test suite.
[----------] Global test environment set-up.
[----------] 1 test from RulesTest
[ RUN      ] RulesTest.NoWinTest
[       OK ] RulesTest.NoWinTest (0 ms)
[----------] 1 test from RulesTest (0 ms total)

[----------] Global test environment tear-down
[==========] 1 test from 1 test suite ran. (0 ms total)
[  PASSED  ] 1 test.
<end of output>
Test time =   0.01 sec
----------------------------------------------------------
Test Passed.
"RulesTest.NoWinTest" end time: Feb 14 18:21 Europe de l’Ouest
"RulesTest.NoWinTest" time elapsed: 00:00:00
----------------------------------------------------------

12/23 Testing: RulesTest.DrawTest
12/23 Test: RulesTest.DrawTest
Command: "C:/dev/cpp/Morpions/cmake-build-debug/tests/Morpions_tests.exe" "--gtest_filter=RulesTest.DrawTest" "--gtest_also_run_disabled_tests"
Directory: C:/dev/cpp/Morpions/cmake-build-debug/tests
"RulesTest.DrawTest" start time: Feb 14 18:21 Europe de l’Ouest
Output:
----------------------------------------------------------
Running main() from C:/dev/cpp/Morpions/cmake-build-debug/_deps/googletest-src/googletest/src/gtest_main.cc
Note: Google Test filter = RulesTest.DrawTest
[==========] Running 1 test from 1 test suite.
[----------] Global test environment set-up.
[----------] 1 test from RulesTest
[ RUN      ] RulesTest.DrawTest
[       OK ] RulesTest.DrawTest (0 ms)
[----------] 1 test from RulesTest (0 ms total)

[----------] Global test environment tear-down
[==========] 1 test from 1 test suite ran. (0 ms total)
[  PASSED  ] 1 test.
<end of output>
Test time =   0.01 sec
----------------------------------------------------------
Test Passed.
"RulesTest.DrawTest" end time: Feb 14 18:21 Europe de l’Ouest
"RulesTest.DrawTest" time elapsed: 00:00:00
----------------------------------------------------------

13/23 Testing: RulesTest.ValidMoveTest
13/23 Test: RulesTest.ValidMoveTest
Command: "C:/dev/cpp/Morpions/cmake-build-debug/tests/Morpions_tests.exe" "--gtest_filter=RulesTest.ValidMoveTest" "--gtest_also_run_disabled_tests"
Directory: C:/dev/cpp/Morpions/cmake-build-debug/tests
"RulesTest.ValidMoveTest" start time: Feb 14 18:21 Europe de l’Ouest
Output:
----------------------------------------------------------
Running main() from C:/dev/cpp/Morpions/cmake-build-debug/_deps/googletest-src/googletest/src/gtest_main.cc
Note: Google Test filter = RulesTest.ValidMoveTest
[==========] Running 1 test from 1 test suite.
[----------] Global test environment set-up.
[----------] 1 test from RulesTest
[ RUN      ] RulesTest.ValidMoveTest
<end of output>
Test time =   0.01 sec
----------------------------------------------------------
Test Failed.
"RulesTest.ValidMoveTest" end time: Feb 14 18:21 Europe de l’Ouest
"RulesTest.ValidMoveTest" time elapsed: 00:00:00
----------------------------------------------------------

14/23 Testing: RulesTest.PlayerSwitchTest
14/23 Test: RulesTest.PlayerSwitchTest
Command: "C:/dev/cpp/Morpions/cmake-build-debug/tests/Morpions_tests.exe" "--gtest_filter=RulesTest.PlayerSwitchTest" "--gtest_also_run_disabled_tests"
Directory: C:/dev/cpp/Morpions/cmake-build-debug/tests
"RulesTest.PlayerSwitchTest" start time: Feb 14 18:21 Europe de l’Ouest
Output:
----------------------------------------------------------
Running main() from C:/dev/cpp/Morpions/cmake-build-debug/_deps/googletest-src/googletest/src/gtest_main.cc
Note: Google Test filter = RulesTest.PlayerSwitchTest
[==========] Running 1 test from 1 test suite.
[----------] Global test environment set-up.
[----------] 1 test from RulesTest
[ RUN      ] RulesTest.PlayerSwitchTest
[       OK ] RulesTest.PlayerSwitchTest (0 ms)
[----------] 1 test from RulesTest (0 ms total)

[----------] Global test environment tear-down
[==========] 1 test from 1 test suite ran. (0 ms total)
[  PASSED  ] 1 test.
<end of output>
Test time =   0.01 sec
----------------------------------------------------------
Test Passed.
"RulesTest.PlayerSwitchTest" end time: Feb 14 18:21 Europe de l’Ouest
"RulesTest.PlayerSwitchTest" time elapsed: 00:00:00
----------------------------------------------------------

15/23 Testing: BoardTest.InitialBoardIsEmpty
15/23 Test: BoardTest.InitialBoardIsEmpty
Command: "C:/dev/cpp/Morpions/cmake-build-debug/tests/Morpions_tests.exe" "--gtest_filter=BoardTest.InitialBoardIsEmpty" "--gtest_also_run_disabled_tests"
Directory: C:/dev/cpp/Morpions/cmake-build-debug/tests
"BoardTest.InitialBoardIsEmpty" start time: Feb 14 18:21 Europe de l’Ouest
Output:
----------------------------------------------------------
Running main() from C:/dev/cpp/Morpions/cmake-build-debug/_deps/googletest-src/googletest/src/gtest_main.cc
Note: Google Test filter = BoardTest.InitialBoardIsEmpty
[==========] Running 1 test from 1 test suite.
[----------] Global test environment set-up.
[----------] 1 test from BoardTest
[ RUN      ] BoardTest.InitialBoardIsEmpty
[       OK ] BoardTest.InitialBoardIsEmpty (0 ms)
[----------] 1 test from BoardTest (0 ms total)

[----------] Global test environment tear-down
[==========] 1 test from 1 test suite ran. (0 ms total)
[  PASSED  ] 1 test.
<end of output>
Test time =   0.01 sec
----------------------------------------------------------
Test Passed.
"BoardTest.InitialBoardIsEmpty" end time: Feb 14 18:21 Europe de l’Ouest
"BoardTest.InitialBoardIsEmpty" time elapsed: 00:00:00
----------------------------------------------------------

16/23 Testing: BoardTest.PlaceSymbol
16/23 Test: BoardTest.PlaceSymbol
Command: "C:/dev/cpp/Morpions/cmake-build-debug/tests/Morpions_tests.exe" "--gtest_filter=BoardTest.PlaceSymbol" "--gtest_also_run_disabled_tests"
Directory: C:/dev/cpp/Morpions/cmake-build-debug/tests
"BoardTest.PlaceSymbol" start time: Feb 14 18:21 Europe de l’Ouest
Output:
----------------------------------------------------------
Running main() from C:/dev/cpp/Morpions/cmake-build-debug/_deps/googletest-src/googletest/src/gtest_main.cc
Note: Google Test filter = BoardTest.PlaceSymbol
[==========] Running 1 test from 1 test suite.
[----------] Global test environment set-up.
[----------] 1 test from BoardTest
[ RUN      ] BoardTest.PlaceSymbol
[       OK ] BoardTest.PlaceSymbol (0 ms)
[----------] 1 test from BoardTest (0 ms total)

[----------] Global test environment tear-down
[==========] 1 test from 1 test suite ran. (0 ms total)
[  PASSED  ] 1 test.
<end of output>
Test time =   0.01 sec
----------------------------------------------------------
Test Passed.
"BoardTest.PlaceSymbol" end time: Feb 14 18:21 Europe de l’Ouest
"BoardTest.PlaceSymbol" time elapsed: 00:00:00
----------------------------------------------------------

17/23 Testing: BoardTest.PlaceSymbolOnOccupiedCell
17/23 Test: BoardTest.PlaceSymbolOnOccupiedCell
Command: "C:/dev/cpp/Morpions/cmake-build-debug/tests/Morpions_tests.exe" "--gtest_filter=BoardTest.PlaceSymbolOnOccupiedCell" "--gtest_also_run_disabled_tests"
Directory: C:/dev/cpp/Morpions/cmake-build-debug/tests
"BoardTest.PlaceSymbolOnOccupiedCell" start time: Feb 14 18:21 Europe de l’Ouest
Output:
----------------------------------------------------------
Running main() from C:/dev/cpp/Morpions/cmake-build-debug/_deps/googletest-src/googletest/src/gtest_main.cc
Note: Google Test filter = BoardTest.PlaceSymbolOnOccupiedCell
[==========] Running 1 test from 1 test suite.
[----------] Global test environment set-up.
[----------] 1 test from BoardTest
[ RUN      ] BoardTest.PlaceSymbolOnOccupiedCell
[       OK ] BoardTest.PlaceSymbolOnOccupiedCell (0 ms)
[----------] 1 test from BoardTest (0 ms total)

[----------] Global test environment tear-down
[==========] 1 test from 1 test suite ran. (0 ms total)
[  PASSED  ] 1 test.
<end of output>
Test time =   0.01 sec
----------------------------------------------------------
Test Passed.
"BoardTest.PlaceSymbolOnOccupiedCell" end time: Feb 14 18:21 Europe de l’Ouest
"BoardTest.PlaceSymbolOnOccupiedCell" time elapsed: 00:00:00
----------------------------------------------------------

18/23 Testing: BoardTest.PlaceSymbolOutOfBounds
18/23 Test: BoardTest.PlaceSymbolOutOfBounds
Command: "C:/dev/cpp/Morpions/cmake-build-debug/tests/Morpions_tests.exe" "--gtest_filter=BoardTest.PlaceSymbolOutOfBounds" "--gtest_also_run_disabled_tests"
Directory: C:/dev/cpp/Morpions/cmake-build-debug/tests
"BoardTest.PlaceSymbolOutOfBounds" start time: Feb 14 18:21 Europe de l’Ouest
Output:
----------------------------------------------------------
Running main() from C:/dev/cpp/Morpions/cmake-build-debug/_deps/googletest-src/googletest/src/gtest_main.cc
Note: Google Test filter = BoardTest.PlaceSymbolOutOfBounds
[==========] Running 1 test from 1 test suite.
[----------] Global test environment set-up.
[----------] 1 test from BoardTest
[ RUN      ] BoardTest.PlaceSymbolOutOfBounds
<end of output>
Test time =   0.01 sec
----------------------------------------------------------
Test Failed.
"BoardTest.PlaceSymbolOutOfBounds" end time: Feb 14 18:21 Europe de l’Ouest
"BoardTest.PlaceSymbolOutOfBounds" time elapsed: 00:00:00
----------------------------------------------------------

19/23 Testing: BoardTest.IsCellEmpty
19/23 Test: BoardTest.IsCellEmpty
Command: "C:/dev/cpp/Morpions/cmake-build-debug/tests/Morpions_tests.exe" "--gtest_filter=BoardTest.IsCellEmpty" "--gtest_also_run_disabled_tests"
Directory: C:/dev/cpp/Morpions/cmake-build-debug/tests
"BoardTest.IsCellEmpty" start time: Feb 14 18:21 Europe de l’Ouest
Output:
----------------------------------------------------------
Running main() from C:/dev/cpp/Morpions/cmake-build-debug/_deps/googletest-src/googletest/src/gtest_main.cc
Note: Google Test filter = BoardTest.IsCellEmpty
[==========] Running 1 test from 1 test suite.
[----------] Global test environment set-up.
[----------] 1 test from BoardTest
[ RUN      ] BoardTest.IsCellEmpty
[       OK ] BoardTest.IsCellEmpty (0 ms)
[----------] 1 test from BoardTest (0 ms total)

[----------] Global test environment tear-down
[==========] 1 test from 1 test suite ran. (0 ms total)
[  PASSED  ] 1 test.
<end of output>
Test time =   0.01 sec
----------------------------------------------------------
Test Passed.
"BoardTest.IsCellEmpty" end time: Feb 14 18:21 Europe de l’Ouest
"BoardTest.IsCellEmpty" time elapsed: 00:00:00
----------------------------------------------------------

20/23 Testing: BoardTest.IsBoardFull
20/23 Test: BoardTest.IsBoardFull
Command: "C:/dev/cpp/Morpions/cmake-build-debug/tests/Morpions_tests.exe" "--gtest_filter=BoardTest.IsBoardFull" "--gtest_also_run_disabled_tests"
Directory: C:/dev/cpp/Morpions/cmake-build-debug/tests
"BoardTest.IsBoardFull" start time: Feb 14 18:21 Europe de l’Ouest
Output:
----------------------------------------------------------
Running main() from C:/dev/cpp/Morpions/cmake-build-debug/_deps/googletest-src/googletest/src/gtest_main.cc
Note: Google Test filter = BoardTest.IsBoardFull
[==========] Running 1 test from 1 test suite.
[----------] Global test environment set-up.
[----------] 1 test from BoardTest
[ RUN      ] BoardTest.IsBoardFull
C:/dev/cpp/Morpions/tests/boardTest.cpp:50: Failure
Value of: board->isBoardFull()
  Actual: true
Expected: false
[  FAILED  ] BoardTest.IsBoardFull (0 ms)
[----------] 1 test from BoardTest (0 ms total)

[----------] Global test environment tear-down
[==========] 1 test from 1 test suite ran. (0 ms total)
[  PASSED  ] 0 tests.
[  FAILED  ] 1 test, listed below:
[  FAILED  ] BoardTest.IsBoardFull

 1 FAILED TEST
<end of output>
Test time =   0.01 sec
----------------------------------------------------------
Test Failed.
"BoardTest.IsBoardFull" end time: Feb 14 18:21 Europe de l’Ouest
"BoardTest.IsBoardFull" time elapsed: 00:00:00
----------------------------------------------------------

21/23 Testing: BoardTest.ResetBoard
21/23 Test: BoardTest.ResetBoard
Command: "C:/dev/cpp/Morpions/cmake-build-debug/tests/Morpions_tests.exe" "--gtest_filter=BoardTest.ResetBoard" "--gtest_also_run_disabled_tests"
Directory: C:/dev/cpp/Morpions/cmake-build-debug/tests
"BoardTest.ResetBoard" start time: Feb 14 18:21 Europe de l’Ouest
Output:
----------------------------------------------------------
Running main() from C:/dev/cpp/Morpions/cmake-build-debug/_deps/googletest-src/googletest/src/gtest_main.cc
Note: Google Test filter = BoardTest.ResetBoard
[==========] Running 1 test from 1 test suite.
[----------] Global test environment set-up.
[----------] 1 test from BoardTest
[ RUN      ] BoardTest.ResetBoard
C:/dev/cpp/Morpions/tests/boardTest.cpp:71: Failure
Expected equality of these values:
  board->getCell(i, j)
    Which is: '\x1' (1)
  ' '
    Which is: ' ' (32, 0x20)
C:/dev/cpp/Morpions/tests/boardTest.cpp:71: Failure
Expected equality of these values:
  board->getCell(i, j)
    Which is: '\x2' (2)
  ' '
    Which is: ' ' (32, 0x20)
C:/dev/cpp/Morpions/tests/boardTest.cpp:71: Failure
Expected equality of these values:
  board->getCell(i, j)
    Which is: '\x3' (3)
  ' '
    Which is: ' ' (32, 0x20)
C:/dev/cpp/Morpions/tests/boardTest.cpp:71: Failure
Expected equality of these values:
  board->getCell(i, j)
    Which is: '\x4' (4)
  ' '
    Which is: ' ' (32, 0x20)
C:/dev/cpp/Morpions/tests/boardTest.cpp:71: Failure
Expected equality of these values:
  board->getCell(i, j)
    Which is: '\x5' (5)
  ' '
    Which is: ' ' (32, 0x20)
C:/dev/cpp/Morpions/tests/boardTest.cpp:71: Failure
Expected equality of these values:
  board->getCell(i, j)
    Which is: '\x6' (6)
  ' '
    Which is: ' ' (32, 0x20)
C:/dev/cpp/Morpions/tests/boardTest.cpp:71: Failure
Expected equality of these values:
  board->getCell(i, j)
    Which is: '\a' (7)
  ' '
    Which is: ' ' (32, 0x20)
C:/dev/cpp/Morpions/tests/boardTest.cpp:71: Failure
Expected equality of these values:
  board->getCell(i, j)
    Which is: '\b' (8)
  ' '
    Which is: ' ' (32, 0x20)
C:/dev/cpp/Morpions/tests/boardTest.cpp:71: Failure
Expected equality of these values:
  board->getCell(i, j)
    Which is: '\t' (9)
  ' '
    Which is: ' ' (32, 0x20)
[  FAILED  ] BoardTest.ResetBoard (0 ms)
[----------] 1 test from BoardTest (0 ms total)

[----------] Global test environment tear-down
[==========] 1 test from 1 test suite ran. (0 ms total)
[  PASSED  ] 0 tests.
[  FAILED  ] 1 test, listed below:
[  FAILED  ] BoardTest.ResetBoard

 1 FAILED TEST
<end of output>
Test time =   0.01 sec
----------------------------------------------------------
Test Failed.
"BoardTest.ResetBoard" end time: Feb 14 18:21 Europe de l’Ouest
"BoardTest.ResetBoard" time elapsed: 00:00:00
----------------------------------------------------------

22/23 Testing: BoardTest.GameSequence
22/23 Test: BoardTest.GameSequence
Command: "C:/dev/cpp/Morpions/cmake-build-debug/tests/Morpions_tests.exe" "--gtest_filter=BoardTest.GameSequence" "--gtest_also_run_disabled_tests"
Directory: C:/dev/cpp/Morpions/cmake-build-debug/tests
"BoardTest.GameSequence" start time: Feb 14 18:21 Europe de l’Ouest
Output:
----------------------------------------------------------
Running main() from C:/dev/cpp/Morpions/cmake-build-debug/_deps/googletest-src/googletest/src/gtest_main.cc
Note: Google Test filter = BoardTest.GameSequence
[==========] Running 1 test from 1 test suite.
[----------] Global test environment set-up.
[----------] 1 test from BoardTest
[ RUN      ] BoardTest.GameSequence
[       OK ] BoardTest.GameSequence (0 ms)
[----------] 1 test from BoardTest (0 ms total)

[----------] Global test environment tear-down
[==========] 1 test from 1 test suite ran. (0 ms total)
[  PASSED  ] 1 test.
<end of output>
Test time =   0.01 sec
----------------------------------------------------------
Test Passed.
"BoardTest.GameSequence" end time: Feb 14 18:21 Europe de l’Ouest
"BoardTest.GameSequence" time elapsed: 00:00:00
----------------------------------------------------------

23/23 Testing: BoardTest.ValidSymbols
23/23 Test: BoardTest.ValidSymbols
Command: "C:/dev/cpp/Morpions/cmake-build-debug/tests/Morpions_tests.exe" "--gtest_filter=BoardTest.ValidSymbols" "--gtest_also_run_disabled_tests"
Directory: C:/dev/cpp/Morpions/cmake-build-debug/tests
"BoardTest.ValidSymbols" start time: Feb 14 18:21 Europe de l’Ouest
Output:
----------------------------------------------------------
Running main() from C:/dev/cpp/Morpions/cmake-build-debug/_deps/googletest-src/googletest/src/gtest_main.cc
Note: Google Test filter = BoardTest.ValidSymbols
[==========] Running 1 test from 1 test suite.
[----------] Global test environment set-up.
[----------] 1 test from BoardTest
[ RUN      ] BoardTest.ValidSymbols
C:/dev/cpp/Morpions/tests/boardTest.cpp:91: Failure
Value of: board->placeSymbol(2, 2, 'A')
  Actual: true
Expected: false
[  FAILED  ] BoardTest.ValidSymbols (0 ms)
[----------] 1 test from BoardTest (0 ms total)

[----------] Global test environment tear-down
[==========] 1 test from 1 test suite ran. (0 ms total)
[  PASSED  ] 0 tests.
[  FAILED  ] 1 test, listed below:
[  FAILED  ] BoardTest.ValidSymbols

 1 FAILED TEST
<end of output>
Test time =   0.01 sec
----------------------------------------------------------
Test Failed.
"BoardTest.ValidSymbols" end time: Feb 14 18:21 Europe de l’Ouest
"BoardTest.ValidSymbols" time elapsed: 00:00:00
----------------------------------------------------------

End testing: Feb 14 18:21 Europe de l’Ouest
